c:\users\akn\documents\vısual studıo 2017\projects\faerıe\faerıe\debug\faerıe.pch
c:\users\akn\documents\vısual studıo 2017\projects\faerıe\faerıe\debug\vc141.pdb
c:\users\akn\documents\vısual studıo 2017\projects\faerıe\faerıe\debug\vc141.ıdb
c:\users\akn\documents\vısual studıo 2017\projects\faerıe\faerıe\debug\pch.obj
c:\users\akn\documents\vısual studıo 2017\projects\faerıe\faerıe\debug\threadpool.obj
c:\users\akn\documents\vısual studıo 2017\projects\faerıe\faerıe\debug\smtpserver.obj
c:\users\akn\documents\vısual studıo 2017\projects\faerıe\faerıe\debug\sımplecontext.obj
c:\users\akn\documents\vısual studıo 2017\projects\faerıe\faerıe\debug\messagelıst.obj
c:\users\akn\documents\vısual studıo 2017\projects\faerıe\faerıe\debug\maın.obj
c:\users\akn\documents\vısual studıo 2017\projects\faerıe\faerıe\debug\base64.obj
c:\users\akn\documents\visual studio 2017\projects\faerie\faerie\debug\base64.obj
c:\users\akn\documents\visual studio 2017\projects\faerie\faerie\debug\main.obj
c:\users\akn\documents\visual studio 2017\projects\faerie\faerie\debug\messagelist.obj
c:\users\akn\documents\visual studio 2017\projects\faerie\faerie\debug\pch.obj
c:\users\akn\documents\visual studio 2017\projects\faerie\faerie\debug\simplecontext.obj
c:\users\akn\documents\visual studio 2017\projects\faerie\faerie\debug\smtpserver.obj
c:\users\akn\documents\visual studio 2017\projects\faerie\faerie\debug\threadpool.obj
c:\users\akn\documents\visual studio 2017\projects\faerie\faerie\debug\faerie.pch
c:\users\akn\documents\visual studio 2017\projects\faerie\faerie\debug\vc141.idb
c:\users\akn\documents\visual studio 2017\projects\faerie\faerie\debug\vc141.pdb
c:\users\akn\documents\visual studio 2017\projects\faerie\faerie\debug\faerie.tlog\cl.command.1.tlog
c:\users\akn\documents\visual studio 2017\projects\faerie\faerie\debug\faerie.tlog\cl.read.1.tlog
c:\users\akn\documents\visual studio 2017\projects\faerie\faerie\debug\faerie.tlog\cl.write.1.tlog
