  pch.cpp
  base64.cpp
c:\users\akn\documents\visual studio 2017\projects\faerie\faerie\base64.cpp(26): warning C5033: 'register' is no longer a supported storage class
c:\users\akn\documents\visual studio 2017\projects\faerie\faerie\base64.cpp(69): warning C5033: 'register' is no longer a supported storage class
  main.cpp
  MessageList.cpp
  PopRequestHandler.cpp
c:\users\akn\documents\visual studio 2017\projects\faerie\faerie\poprequesthandler.cpp(6): error C2679: binary '=': no operator found which takes a right-hand operand of type 'std::_Binder<std::_Unforced,void (__thiscall PopRequestHandler::* )(const std::string &),PopRequestHandler *>' (or there is no acceptable conversion)
  c:\program files (x86)\microsoft visual studio\2017\community\vc\tools\msvc\14.15.26726\include\functional(1577): note: could be 'std::function<void (const std::string &)> &std::function<void (const std::string &)>::operator =(std::nullptr_t) noexcept'
  c:\program files (x86)\microsoft visual studio\2017\community\vc\tools\msvc\14.15.26726\include\functional(1550): note: or       'std::function<void (const std::string &)> &std::function<void (const std::string &)>::operator =(std::function<void (const std::string &)> &&)'
  c:\program files (x86)\microsoft visual studio\2017\community\vc\tools\msvc\14.15.26726\include\functional(1531): note: or       'std::function<void (const std::string &)> &std::function<void (const std::string &)>::operator =(const std::function<void (const std::string &)> &)'
  c:\users\akn\documents\visual studio 2017\projects\faerie\faerie\poprequesthandler.cpp(6): note: while trying to match the argument list '(std::function<void (const std::string &)>, std::_Binder<std::_Unforced,void (__thiscall PopRequestHandler::* )(const std::string &),PopRequestHandler *>)'
c:\users\akn\documents\visual studio 2017\projects\faerie\faerie\poprequesthandler.cpp(21): error C2027: use of undefined type 'SWInetSocket'
  c:\users\akn\documents\visual studio 2017\projects\faerie\faerie\poprequesthandler.h(7): note: see declaration of 'SWInetSocket'
c:\users\akn\documents\visual studio 2017\projects\faerie\faerie\poprequesthandler.cpp(21): error C2039: 'recvmsg': is not a member of 'std::shared_ptr<SWInetSocket>'
  c:\users\akn\documents\visual studio 2017\projects\faerie\faerie\poprequesthandler.h(18): note: see declaration of 'std::shared_ptr<SWInetSocket>'
c:\users\akn\documents\visual studio 2017\projects\faerie\faerie\poprequesthandler.cpp(66): error C2679: binary '=': no operator found which takes a right-hand operand of type 'std::_Binder<std::_Unforced,void (__thiscall PopRequestHandler::* )(const std::string &),PopRequestHandler *>' (or there is no acceptable conversion)
  c:\program files (x86)\microsoft visual studio\2017\community\vc\tools\msvc\14.15.26726\include\functional(1577): note: could be 'std::function<void (const std::string &)> &std::function<void (const std::string &)>::operator =(std::nullptr_t) noexcept'
  c:\program files (x86)\microsoft visual studio\2017\community\vc\tools\msvc\14.15.26726\include\functional(1550): note: or       'std::function<void (const std::string &)> &std::function<void (const std::string &)>::operator =(std::function<void (const std::string &)> &&)'
  c:\program files (x86)\microsoft visual studio\2017\community\vc\tools\msvc\14.15.26726\include\functional(1531): note: or       'std::function<void (const std::string &)> &std::function<void (const std::string &)>::operator =(const std::function<void (const std::string &)> &)'
  c:\users\akn\documents\visual studio 2017\projects\faerie\faerie\poprequesthandler.cpp(66): note: while trying to match the argument list '(std::function<void (const std::string &)>, std::_Binder<std::_Unforced,void (__thiscall PopRequestHandler::* )(const std::string &),PopRequestHandler *>)'
c:\users\akn\documents\visual studio 2017\projects\faerie\faerie\poprequesthandler.cpp(73): error C2679: binary '=': no operator found which takes a right-hand operand of type 'std::_Binder<std::_Unforced,void (__thiscall PopRequestHandler::* )(const std::string &),PopRequestHandler *>' (or there is no acceptable conversion)
  c:\program files (x86)\microsoft visual studio\2017\community\vc\tools\msvc\14.15.26726\include\functional(1577): note: could be 'std::function<void (const std::string &)> &std::function<void (const std::string &)>::operator =(std::nullptr_t) noexcept'
  c:\program files (x86)\microsoft visual studio\2017\community\vc\tools\msvc\14.15.26726\include\functional(1550): note: or       'std::function<void (const std::string &)> &std::function<void (const std::string &)>::operator =(std::function<void (const std::string &)> &&)'
  c:\program files (x86)\microsoft visual studio\2017\community\vc\tools\msvc\14.15.26726\include\functional(1531): note: or       'std::function<void (const std::string &)> &std::function<void (const std::string &)>::operator =(const std::function<void (const std::string &)> &)'
  c:\users\akn\documents\visual studio 2017\projects\faerie\faerie\poprequesthandler.cpp(73): note: while trying to match the argument list '(std::function<void (const std::string &)>, std::_Binder<std::_Unforced,void (__thiscall PopRequestHandler::* )(const std::string &),PopRequestHandler *>)'
c:\users\akn\documents\visual studio 2017\projects\faerie\faerie\poprequesthandler.cpp(80): error C2679: binary '=': no operator found which takes a right-hand operand of type 'std::_Binder<std::_Unforced,void (__thiscall PopRequestHandler::* )(const std::string &),PopRequestHandler *>' (or there is no acceptable conversion)
  c:\program files (x86)\microsoft visual studio\2017\community\vc\tools\msvc\14.15.26726\include\functional(1577): note: could be 'std::function<void (const std::string &)> &std::function<void (const std::string &)>::operator =(std::nullptr_t) noexcept'
  c:\program files (x86)\microsoft visual studio\2017\community\vc\tools\msvc\14.15.26726\include\functional(1550): note: or       'std::function<void (const std::string &)> &std::function<void (const std::string &)>::operator =(std::function<void (const std::string &)> &&)'
  c:\program files (x86)\microsoft visual studio\2017\community\vc\tools\msvc\14.15.26726\include\functional(1531): note: or       'std::function<void (const std::string &)> &std::function<void (const std::string &)>::operator =(const std::function<void (const std::string &)> &)'
  c:\users\akn\documents\visual studio 2017\projects\faerie\faerie\poprequesthandler.cpp(80): note: while trying to match the argument list '(std::function<void (const std::string &)>, std::_Binder<std::_Unforced,void (__thiscall PopRequestHandler::* )(const std::string &),PopRequestHandler *>)'
c:\users\akn\documents\visual studio 2017\projects\faerie\faerie\poprequesthandler.cpp(93): error C2679: binary '=': no operator found which takes a right-hand operand of type 'std::_Binder<std::_Unforced,void (__thiscall PopRequestHandler::* )(const std::string &),PopRequestHandler *>' (or there is no acceptable conversion)
  c:\program files (x86)\microsoft visual studio\2017\community\vc\tools\msvc\14.15.26726\include\functional(1577): note: could be 'std::function<void (const std::string &)> &std::function<void (const std::string &)>::operator =(std::nullptr_t) noexcept'
  c:\program files (x86)\microsoft visual studio\2017\community\vc\tools\msvc\14.15.26726\include\functional(1550): note: or       'std::function<void (const std::string &)> &std::function<void (const std::string &)>::operator =(std::function<void (const std::string &)> &&)'
  c:\program files (x86)\microsoft visual studio\2017\community\vc\tools\msvc\14.15.26726\include\functional(1531): note: or       'std::function<void (const std::string &)> &std::function<void (const std::string &)>::operator =(const std::function<void (const std::string &)> &)'
  c:\users\akn\documents\visual studio 2017\projects\faerie\faerie\poprequesthandler.cpp(93): note: while trying to match the argument list '(std::function<void (const std::string &)>, std::_Binder<std::_Unforced,void (__thiscall PopRequestHandler::* )(const std::string &),PopRequestHandler *>)'
c:\users\akn\documents\visual studio 2017\projects\faerie\faerie\poprequesthandler.cpp(103): error C2679: binary '=': no operator found which takes a right-hand operand of type 'std::_Binder<std::_Unforced,void (__thiscall PopRequestHandler::* )(const std::string &),PopRequestHandler *>' (or there is no acceptable conversion)
  c:\program files (x86)\microsoft visual studio\2017\community\vc\tools\msvc\14.15.26726\include\functional(1577): note: could be 'std::function<void (const std::string &)> &std::function<void (const std::string &)>::operator =(std::nullptr_t) noexcept'
  c:\program files (x86)\microsoft visual studio\2017\community\vc\tools\msvc\14.15.26726\include\functional(1550): note: or       'std::function<void (const std::string &)> &std::function<void (const std::string &)>::operator =(std::function<void (const std::string &)> &&)'
  c:\program files (x86)\microsoft visual studio\2017\community\vc\tools\msvc\14.15.26726\include\functional(1531): note: or       'std::function<void (const std::string &)> &std::function<void (const std::string &)>::operator =(const std::function<void (const std::string &)> &)'
  c:\users\akn\documents\visual studio 2017\projects\faerie\faerie\poprequesthandler.cpp(103): note: while trying to match the argument list '(std::function<void (const std::string &)>, std::_Binder<std::_Unforced,void (__thiscall PopRequestHandler::* )(const std::string &),PopRequestHandler *>)'
c:\users\akn\documents\visual studio 2017\projects\faerie\faerie\poprequesthandler.cpp(274): error C2027: use of undefined type 'SWInetSocket'
  c:\users\akn\documents\visual studio 2017\projects\faerie\faerie\poprequesthandler.h(7): note: see declaration of 'SWInetSocket'
c:\users\akn\documents\visual studio 2017\projects\faerie\faerie\poprequesthandler.cpp(274): error C2039: 'sendmsg': is not a member of 'std::shared_ptr<SWInetSocket>'
  c:\users\akn\documents\visual studio 2017\projects\faerie\faerie\poprequesthandler.h(18): note: see declaration of 'std::shared_ptr<SWInetSocket>'
  SimpleContext.cpp
  SmtpRequestHandler.cpp
c:\users\akn\documents\visual studio 2017\projects\faerie\faerie\smtprequesthandler.cpp(6): error C2679: binary '=': no operator found which takes a right-hand operand of type 'std::_Binder<std::_Unforced,void (__thiscall SmtpRequestHandler::* )(const std::string &),SmtpRequestHandler *>' (or there is no acceptable conversion)
  c:\program files (x86)\microsoft visual studio\2017\community\vc\tools\msvc\14.15.26726\include\functional(1577): note: could be 'std::function<void (const std::string &)> &std::function<void (const std::string &)>::operator =(std::nullptr_t) noexcept'
  c:\program files (x86)\microsoft visual studio\2017\community\vc\tools\msvc\14.15.26726\include\functional(1550): note: or       'std::function<void (const std::string &)> &std::function<void (const std::string &)>::operator =(std::function<void (const std::string &)> &&)'
  c:\program files (x86)\microsoft visual studio\2017\community\vc\tools\msvc\14.15.26726\include\functional(1531): note: or       'std::function<void (const std::string &)> &std::function<void (const std::string &)>::operator =(const std::function<void (const std::string &)> &)'
  c:\users\akn\documents\visual studio 2017\projects\faerie\faerie\smtprequesthandler.cpp(6): note: while trying to match the argument list '(std::function<void (const std::string &)>, std::_Binder<std::_Unforced,void (__thiscall SmtpRequestHandler::* )(const std::string &),SmtpRequestHandler *>)'
c:\users\akn\documents\visual studio 2017\projects\faerie\faerie\smtprequesthandler.cpp(21): error C2027: use of undefined type 'SWInetSocket'
  c:\users\akn\documents\visual studio 2017\projects\faerie\faerie\poprequesthandler.h(7): note: see declaration of 'SWInetSocket'
c:\users\akn\documents\visual studio 2017\projects\faerie\faerie\smtprequesthandler.cpp(21): error C2039: 'recvmsg': is not a member of 'std::shared_ptr<SWInetSocket>'
  c:\users\akn\documents\visual studio 2017\projects\faerie\faerie\poprequesthandler.h(18): note: see declaration of 'std::shared_ptr<SWInetSocket>'
c:\users\akn\documents\visual studio 2017\projects\faerie\faerie\smtprequesthandler.cpp(49): error C2679: binary '=': no operator found which takes a right-hand operand of type 'std::_Binder<std::_Unforced,void (__thiscall SmtpRequestHandler::* )(const std::string &),SmtpRequestHandler *>' (or there is no acceptable conversion)
  c:\program files (x86)\microsoft visual studio\2017\community\vc\tools\msvc\14.15.26726\include\functional(1577): note: could be 'std::function<void (const std::string &)> &std::function<void (const std::string &)>::operator =(std::nullptr_t) noexcept'
  c:\program files (x86)\microsoft visual studio\2017\community\vc\tools\msvc\14.15.26726\include\functional(1550): note: or       'std::function<void (const std::string &)> &std::function<void (const std::string &)>::operator =(std::function<void (const std::string &)> &&)'
  c:\program files (x86)\microsoft visual studio\2017\community\vc\tools\msvc\14.15.26726\include\functional(1531): note: or       'std::function<void (const std::string &)> &std::function<void (const std::string &)>::operator =(const std::function<void (const std::string &)> &)'
  c:\users\akn\documents\visual studio 2017\projects\faerie\faerie\smtprequesthandler.cpp(49): note: while trying to match the argument list '(std::function<void (const std::string &)>, std::_Binder<std::_Unforced,void (__thiscall SmtpRequestHandler::* )(const std::string &),SmtpRequestHandler *>)'
c:\users\akn\documents\visual studio 2017\projects\faerie\faerie\smtprequesthandler.cpp(163): error C2679: binary '=': no operator found which takes a right-hand operand of type 'std::_Binder<std::_Unforced,void (__thiscall SmtpRequestHandler::* )(const std::string &),SmtpRequestHandler *>' (or there is no acceptable conversion)
  c:\program files (x86)\microsoft visual studio\2017\community\vc\tools\msvc\14.15.26726\include\functional(1577): note: could be 'std::function<void (const std::string &)> &std::function<void (const std::string &)>::operator =(std::nullptr_t) noexcept'
  c:\program files (x86)\microsoft visual studio\2017\community\vc\tools\msvc\14.15.26726\include\functional(1550): note: or       'std::function<void (const std::string &)> &std::function<void (const std::string &)>::operator =(std::function<void (const std::string &)> &&)'
  c:\program files (x86)\microsoft visual studio\2017\community\vc\tools\msvc\14.15.26726\include\functional(1531): note: or       'std::function<void (const std::string &)> &std::function<void (const std::string &)>::operator =(const std::function<void (const std::string &)> &)'
  c:\users\akn\documents\visual studio 2017\projects\faerie\faerie\smtprequesthandler.cpp(163): note: while trying to match the argument list '(std::function<void (const std::string &)>, std::_Binder<std::_Unforced,void (__thiscall SmtpRequestHandler::* )(const std::string &),SmtpRequestHandler *>)'
c:\users\akn\documents\visual studio 2017\projects\faerie\faerie\smtprequesthandler.cpp(196): error C2027: use of undefined type 'SWInetSocket'
  c:\users\akn\documents\visual studio 2017\projects\faerie\faerie\poprequesthandler.h(7): note: see declaration of 'SWInetSocket'
c:\users\akn\documents\visual studio 2017\projects\faerie\faerie\smtprequesthandler.cpp(196): error C2039: 'sendmsg': is not a member of 'std::shared_ptr<SWInetSocket>'
  c:\users\akn\documents\visual studio 2017\projects\faerie\faerie\poprequesthandler.h(18): note: see declaration of 'std::shared_ptr<SWInetSocket>'
  SmtpServer.cpp
  threadpool.cpp
  Generating Code...
